# JRE version: Java(TM) SE Runtime Environment (18.0.2.1+1) (build 18.0.2.1+1-1)
# Java VM: Java HotSpot(TM) 64-Bit Server VM (18.0.2.1+1-1, mixed mode, sharing, tiered, compressed oops, compressed class ptrs, g1 gc, windows-amd64)
GC Precious Log:
 CardTable entry size: 512
 Card Set container configuration: InlinePtr #cards 5 size 8 Array Of Cards #cards 12 size 40 Howl #buckets 4 coarsen threshold 1843 Howl Bitmap #cards 512 size 80 coarsen threshold 460 Card regions per heap region 1 cards per card region 2048
 CPUs: 4 total, 4 available
 Memory: 8087M
 Large Page Support: Disabled
 NUMA Support: Disabled
 Compressed Oops: Enabled (32-bit)
 Heap Region Size: 1M
 Heap Min Capacity: 8M
 Heap Initial Capacity: 128M
 Heap Max Capacity: 2G
 Pre-touch: Disabled
 Parallel Workers: 4
 Concurrent Workers: 1
 Concurrent Refinement Workers: 4
 Periodic GC: Disabled
Heap:
 garbage-first heap   total 131072K, used 84109K [0x0000000080000000, 0x0000000100000000)
  region size 1024K, 8 young (8192K), 1 survivors (1024K)
 Metaspace       used 71639K, committed 73600K, reserved 487424K
  class space    used 9849K, committed 10880K, reserved 421888K
GC Heap History (20 events):
Event: 227.033 GC heap before
{Heap before GC invocations=25 (full 0):
 garbage-first heap   total 91136K, used 74326K [0x0000000080000000, 0x0000000100000000)
  region size 1024K, 24 young (24576K), 3 survivors (3072K)
 Metaspace       used 58958K, committed 60864K, reserved 487424K
  class space    used 8243K, committed 9216K, reserved 421888K
}
Event: 227.042 GC heap after
{Heap after GC invocations=26 (full 0):
 garbage-first heap   total 91136K, used 55297K [0x0000000080000000, 0x0000000100000000)
  region size 1024K, 2 young (2048K), 2 survivors (2048K)
 Metaspace       used 58958K, committed 60864K, reserved 487424K
  class space    used 8243K, committed 9216K, reserved 421888K
}
Event: 231.815 GC heap before
{Heap before GC invocations=27 (full 0):
 garbage-first heap   total 96256K, used 74753K [0x0000000080000000, 0x0000000100000000)
  region size 1024K, 21 young (21504K), 2 survivors (2048K)
 Metaspace       used 60291K, committed 62272K, reserved 487424K
  class space    used 8466K, committed 9472K, reserved 421888K
}
Event: 231.823 GC heap after
{Heap after GC invocations=28 (full 0):
 garbage-first heap   total 96256K, used 56906K [0x0000000080000000, 0x0000000100000000)
  region size 1024K, 3 young (3072K), 3 survivors (3072K)
 Metaspace       used 60291K, committed 62272K, reserved 487424K
  class space    used 8466K, committed 9472K, reserved 421888K
}
Event: 241.249 GC heap before
{Heap before GC invocations=28 (full 0):
 garbage-first heap   total 96256K, used 79434K [0x0000000080000000, 0x0000000100000000)
  region size 1024K, 25 young (25600K), 3 survivors (3072K)
 Metaspace       used 61841K, committed 63744K, reserved 487424K
  class space    used 8666K, committed 9664K, reserved 421888K
}
Event: 241.279 GC heap after
{Heap after GC invocations=29 (full 0):
 garbage-first heap   total 96256K, used 58963K [0x0000000080000000, 0x0000000100000000)
  region size 1024K, 4 young (4096K), 4 survivors (4096K)
 Metaspace       used 61841K, committed 63744K, reserved 487424K
  class space    used 8666K, committed 9664K, reserved 421888K
}
Event: 245.337 GC heap before
{Heap before GC invocations=30 (full 0):
 garbage-first heap   total 102400K, used 78419K [0x0000000080000000, 0x0000000100000000)
  region size 1024K, 24 young (24576K), 4 survivors (4096K)
 Metaspace       used 63379K, committed 65344K, reserved 487424K
  class space    used 8923K, committed 9920K, reserved 421888K
}
Event: 245.347 GC heap after
{Heap after GC invocations=31 (full 0):
 garbage-first heap   total 102400K, used 61459K [0x0000000080000000, 0x0000000100000000)
  region size 1024K, 3 young (3072K), 3 survivors (3072K)
 Metaspace       used 63379K, committed 65344K, reserved 487424K
  class space    used 8923K, committed 9920K, reserved 421888K
}
Event: 250.797 GC heap before
{Heap before GC invocations=31 (full 0):
 garbage-first heap   total 102400K, used 82963K [0x0000000080000000, 0x0000000100000000)
  region size 1024K, 25 young (25600K), 3 survivors (3072K)
 Metaspace       used 65689K, committed 67584K, reserved 487424K
  class space    used 9196K, committed 10176K, reserved 421888K
}
Event: 250.820 GC heap after
{Heap after GC invocations=32 (full 0):
 garbage-first heap   total 102400K, used 64340K [0x0000000080000000, 0x0000000100000000)
  region size 1024K, 3 young (3072K), 3 survivors (3072K)
 Metaspace       used 65689K, committed 67584K, reserved 487424K
  class space    used 9196K, committed 10176K, reserved 421888K
}
Event: 254.964 GC heap before
{Heap before GC invocations=33 (full 0):
 garbage-first heap   total 109568K, used 77652K [0x0000000080000000, 0x0000000100000000)
  region size 1024K, 17 young (17408K), 3 survivors (3072K)
 Metaspace       used 65782K, committed 67712K, reserved 487424K
  class space    used 9198K, committed 10176K, reserved 421888K
}
Event: 254.987 GC heap after
{Heap after GC invocations=34 (full 0):
 garbage-first heap   total 109568K, used 65483K [0x0000000080000000, 0x0000000100000000)
  region size 1024K, 2 young (2048K), 2 survivors (2048K)
 Metaspace       used 65782K, committed 67712K, reserved 487424K
  class space    used 9198K, committed 10176K, reserved 421888K
}
Event: 256.938 GC heap before
{Heap before GC invocations=35 (full 0):
 garbage-first heap   total 114688K, used 66507K [0x0000000080000000, 0x0000000100000000)
  region size 1024K, 4 young (4096K), 2 survivors (2048K)
 Metaspace       used 65852K, committed 67840K, reserved 487424K
  class space    used 9204K, committed 10240K, reserved 421888K
}
Event: 256.943 GC heap after
{Heap after GC invocations=36 (full 0):
 garbage-first heap   total 114688K, used 67603K [0x0000000080000000, 0x0000000100000000)
  region size 1024K, 3 young (3072K), 3 survivors (3072K)
 Metaspace       used 65852K, committed 67840K, reserved 487424K
  class space    used 9204K, committed 10240K, reserved 421888K
}
Event: 265.586 GC heap before
{Heap before GC invocations=37 (full 0):
 garbage-first heap   total 117760K, used 89107K [0x0000000080000000, 0x0000000100000000)
  region size 1024K, 24 young (24576K), 3 survivors (3072K)
 Metaspace       used 68596K, committed 70528K, reserved 487424K
  class space    used 9510K, committed 10496K, reserved 421888K
}
Event: 265.604 GC heap after
{Heap after GC invocations=38 (full 0):
 garbage-first heap   total 117760K, used 71284K [0x0000000080000000, 0x0000000100000000)
  region size 1024K, 3 young (3072K), 3 survivors (3072K)
 Metaspace       used 68596K, committed 70528K, reserved 487424K
  class space    used 9510K, committed 10496K, reserved 421888K
}
Event: 276.633 GC heap before
{Heap before GC invocations=38 (full 0):
 garbage-first heap   total 117760K, used 88692K [0x0000000080000000, 0x0000000100000000)
  region size 1024K, 22 young (22528K), 3 survivors (3072K)
 Metaspace       used 71639K, committed 73600K, reserved 487424K
  class space    used 9849K, committed 10880K, reserved 421888K
}
Event: 276.640 GC heap after
{Heap after GC invocations=39 (full 0):
 garbage-first heap   total 117760K, used 73707K [0x0000000080000000, 0x0000000100000000)
  region size 1024K, 3 young (3072K), 3 survivors (3072K)
 Metaspace       used 71639K, committed 73600K, reserved 487424K
  class space    used 9849K, committed 10880K, reserved 421888K
}
Event: 277.135 GC heap before
{Heap before GC invocations=40 (full 0):
 garbage-first heap   total 128000K, used 74731K [0x0000000080000000, 0x0000000100000000)
  region size 1024K, 4 young (4096K), 3 survivors (3072K)
 Metaspace       used 71639K, committed 73600K, reserved 487424K
  class space    used 9849K, committed 10880K, reserved 421888K
}
Event: 277.144 GC heap after
{Heap after GC invocations=41 (full 0):
 garbage-first heap   total 128000K, used 73869K [0x0000000080000000, 0x0000000100000000)
  region size 1024K, 1 young (1024K), 1 survivors (1024K)
 Metaspace       used 71639K, committed 73600K, reserved 487424K
  class space    used 9849K, committed 10880K, reserved 421888K
}

