# JRE version: Java(TM) SE Runtime Environment (18.0.2.1+1) (build 18.0.2.1+1-1)
# Java VM: Java HotSpot(TM) 64-Bit Server VM (18.0.2.1+1-1, mixed mode, sharing, tiered, compressed oops, compressed class ptrs, g1 gc, windows-amd64)
GC Precious Log:
 CardTable entry size: 512
 Card Set container configuration: InlinePtr #cards 5 size 8 Array Of Cards #cards 12 size 40 Howl #buckets 4 coarsen threshold 1843 Howl Bitmap #cards 512 size 80 coarsen threshold 460 Card regions per heap region 1 cards per card region 2048
 CPUs: 4 total, 4 available
 Memory: 8087M
 Large Page Support: Disabled
 NUMA Support: Disabled
 Compressed Oops: Enabled (32-bit)
 Heap Region Size: 1M
 Heap Min Capacity: 8M
 Heap Initial Capacity: 128M
 Heap Max Capacity: 2G
 Pre-touch: Disabled
 Parallel Workers: 4
 Concurrent Workers: 1
 Concurrent Refinement Workers: 4
 Periodic GC: Disabled
Heap:
 garbage-first heap   total 131072K, used 24899K [0x0000000080000000, 0x0000000100000000)
  region size 1024K, 15 young (15360K), 10 survivors (10240K)
 Metaspace       used 18240K, committed 18752K, reserved 487424K
  class space    used 2641K, committed 2880K, reserved 421888K
GC Heap History (8 events):
Event: 1.024 GC heap before
{Heap before GC invocations=0 (full 0):
 garbage-first heap   total 131072K, used 13312K [0x0000000080000000, 0x0000000100000000)
  region size 1024K, 13 young (13312K), 0 survivors (0K)
 Metaspace       used 907K, committed 1088K, reserved 487424K
  class space    used 68K, committed 128K, reserved 421888K
}
Event: 1.029 GC heap after
{Heap after GC invocations=1 (full 0):
 garbage-first heap   total 131072K, used 4228K [0x0000000080000000, 0x0000000100000000)
  region size 1024K, 2 young (2048K), 2 survivors (2048K)
 Metaspace       used 907K, committed 1088K, reserved 487424K
  class space    used 68K, committed 128K, reserved 421888K
}
Event: 2.440 GC heap before
{Heap before GC invocations=1 (full 0):
 garbage-first heap   total 131072K, used 23684K [0x0000000080000000, 0x0000000100000000)
  region size 1024K, 17 young (17408K), 2 survivors (2048K)
 Metaspace       used 3866K, committed 4096K, reserved 487424K
  class space    used 473K, committed 576K, reserved 421888K
}
Event: 2.446 GC heap after
{Heap after GC invocations=2 (full 0):
 garbage-first heap   total 131072K, used 10627K [0x0000000080000000, 0x0000000100000000)
  region size 1024K, 3 young (3072K), 3 survivors (3072K)
 Metaspace       used 3866K, committed 4096K, reserved 487424K
  class space    used 473K, committed 576K, reserved 421888K
}
Event: 4.312 GC heap before
{Heap before GC invocations=2 (full 0):
 garbage-first heap   total 131072K, used 33155K [0x0000000080000000, 0x0000000100000000)
  region size 1024K, 25 young (25600K), 3 survivors (3072K)
 Metaspace       used 3982K, committed 4224K, reserved 487424K
  class space    used 475K, committed 576K, reserved 421888K
}
Event: 4.317 GC heap after
{Heap after GC invocations=3 (full 0):
 garbage-first heap   total 131072K, used 14117K [0x0000000080000000, 0x0000000100000000)
  region size 1024K, 4 young (4096K), 4 survivors (4096K)
 Metaspace       used 3982K, committed 4224K, reserved 487424K
  class space    used 475K, committed 576K, reserved 421888K
}
Event: 9.015 GC heap before
{Heap before GC invocations=3 (full 0):
 garbage-first heap   total 131072K, used 87845K [0x0000000080000000, 0x0000000100000000)
  region size 1024K, 76 young (77824K), 4 survivors (4096K)
 Metaspace       used 17705K, committed 18240K, reserved 487424K
  class space    used 2556K, committed 2816K, reserved 421888K
}
Event: 9.028 GC heap after
{Heap after GC invocations=4 (full 0):
 garbage-first heap   total 131072K, used 20803K [0x0000000080000000, 0x0000000100000000)
  region size 1024K, 10 young (10240K), 10 survivors (10240K)
 Metaspace       used 17705K, committed 18240K, reserved 487424K
  class space    used 2556K, committed 2816K, reserved 421888K
}

